<?xml version="1.0" encoding="UTF-8"?>
<!-- Generated by org.testng.reporters.JUnitReportReporter -->
<testsuite hostname="LAPTOP-NHNEE0FH" name="com.jbk.ExtentReport" tests="1" failures="0" timestamp="23 Jan 2019 15:36:25 GMT" time="0.876" errors="0">
  <testcase name="VerifyHomelink" time="0.876" classname="com.jbk.ExtentReport"/>
</testsuite> <!-- com.jbk.ExtentReport -->
