<?xml version="1.0" encoding="UTF-8"?>
<!-- Generated by org.testng.reporters.JUnitReportReporter -->
<testsuite hostname="LAPTOP-NHNEE0FH" name="com.jbk.ExtentScreenShot" tests="1" failures="0" timestamp="24 Jan 2019 03:36:44 GMT" time="0.669" errors="0">
  <testcase name="LoginTest" time="0.669" classname="com.jbk.ExtentScreenShot"/>
</testsuite> <!-- com.jbk.ExtentScreenShot -->
